0 info it worked if it ends with ok
1 verbose cli [
1 verbose cli   'C:\\Program Files\\nodejs\\node.exe',
1 verbose cli   'C:\\Users\\servi\\AppData\\Roaming\\npm\\node_modules\\npm\\bin\\npm-cli.js',
1 verbose cli   'install',
1 verbose cli   '--global',
1 verbose cli   'http-server'
1 verbose cli ]
2 info using npm@3.10.10
3 info using node@v14.18.0
4 silly loadCurrentTree Starting
5 silly install loadCurrentTree
6 silly install readGlobalPackageData
7 silly fetchPackageMetaData http-server
8 silly fetchNamedPackageData http-server
9 silly mapToRegistry name http-server
10 silly mapToRegistry using default registry
11 silly mapToRegistry registry https://registry.npmjs.org/
12 silly mapToRegistry data Result {
12 silly mapToRegistry   raw: 'http-server',
12 silly mapToRegistry   scope: null,
12 silly mapToRegistry   escapedName: 'http-server',
12 silly mapToRegistry   name: 'http-server',
12 silly mapToRegistry   rawSpec: '',
12 silly mapToRegistry   spec: 'latest',
12 silly mapToRegistry   type: 'tag'
12 silly mapToRegistry }
13 silly mapToRegistry uri https://registry.npmjs.org/http-server
14 verbose request uri https://registry.npmjs.org/http-server
15 verbose request no auth needed
16 info attempt registry request try #1 at 22:08:55
17 verbose request id 164c22473ac1996a
18 verbose etag W/"50b772feb83eb807a6f9790834f15b5b"
19 verbose lastModified Tue, 28 Sep 2021 09:07:15 GMT
20 http request GET https://registry.npmjs.org/http-server
21 http 304 https://registry.npmjs.org/http-server
22 verbose headers {
22 verbose headers   date: 'Sat, 09 Oct 2021 03:08:56 GMT',
22 verbose headers   connection: 'keep-alive',
22 verbose headers   'cf-ray': '69b4684538129a98-MFE',
22 verbose headers   'cache-control': 'public, max-age=300',
22 verbose headers   etag: '"50b772feb83eb807a6f9790834f15b5b"',
22 verbose headers   'last-modified': 'Tue, 28 Sep 2021 09:07:15 GMT',
22 verbose headers   vary: 'Accept-Encoding',
22 verbose headers   'cf-cache-status': 'REVALIDATED',
22 verbose headers   'expect-ct': 'max-age=604800, report-uri="https://report-uri.cloudflare.com/cdn-cgi/beacon/expect-ct"',
22 verbose headers   'x-amz-replication-status': 'PENDING',
22 verbose headers   server: 'cloudflare'
22 verbose headers }
23 silly get cb [
23 silly get   304,
23 silly get   {
23 silly get     date: 'Sat, 09 Oct 2021 03:08:56 GMT',
23 silly get     connection: 'keep-alive',
23 silly get     'cf-ray': '69b4684538129a98-MFE',
23 silly get     'cache-control': 'public, max-age=300',
23 silly get     etag: '"50b772feb83eb807a6f9790834f15b5b"',
23 silly get     'last-modified': 'Tue, 28 Sep 2021 09:07:15 GMT',
23 silly get     vary: 'Accept-Encoding',
23 silly get     'cf-cache-status': 'REVALIDATED',
23 silly get     'expect-ct': 'max-age=604800, report-uri="https://report-uri.cloudflare.com/cdn-cgi/beacon/expect-ct"',
23 silly get     'x-amz-replication-status': 'PENDING',
23 silly get     server: 'cloudflare'
23 silly get   }
23 silly get ]
24 verbose etag https://registry.npmjs.org/http-server from cache
25 verbose get saving http-server to C:\Users\servi\AppData\Roaming\npm-cache\registry.npmjs.org\http-server\.cache.json
26 verbose correctMkdir C:\Users\servi\AppData\Roaming\npm-cache correctMkdir not in flight; initializing
27 verbose stack TypeError: cb.apply is not a function
27 verbose stack     at C:\Users\servi\AppData\Roaming\npm\node_modules\npm\node_modules\graceful-fs\polyfills.js:267:18
27 verbose stack     at FSReqCallback.oncomplete (fs.js:192:5)
28 verbose cwd C:\Users\servi\Desktop\LTI PWA\Parcial 2\PWA 2021\05-chat\05-Chat
29 error Windows_NT 10.0.19042
30 error argv "C:\\Program Files\\nodejs\\node.exe" "C:\\Users\\servi\\AppData\\Roaming\\npm\\node_modules\\npm\\bin\\npm-cli.js" "install" "--global" "http-server"
31 error node v14.18.0
32 error npm  v3.10.10
33 error cb.apply is not a function
34 error If you need help, you may report this error at:
34 error     <https://github.com/npm/npm/issues>
35 verbose exit [ 1, true ]
